--2021-10-08 09:56:50--  https://diamond.jp/list/feed/rss/dol
Resolving diamond.jp (diamond.jp)... 210.148.177.240
Connecting to diamond.jp (diamond.jp)|210.148.177.240|:443... connected.
HTTP request sent, awaiting response... 200 OK
Length: unspecified [text/xml]
Last-modified header missing -- time-stamps turned off.
--2021-10-08 09:56:51--  https://diamond.jp/list/feed/rss/dol
Reusing existing connection to diamond.jp:443.
HTTP request sent, awaiting response... 200 OK
Length: 23468 (23K) [text/xml]
Saving to: ‘diamond.jp/list/feed/rss/dol’

     0K .......... .......... ..                              100% 70.5K=0.3s

2021-10-08 09:56:51 (70.5 KB/s) - ‘diamond.jp/list/feed/rss/dol’ saved [23468/23468]

--2021-10-08 09:56:51--  https://diamond.jp/list/feed/rsszol
Reusing existing connection to diamond.jp:443.
HTTP request sent, awaiting response... 200 OK
Length: unspecified [text/xml]
Last-modified header missing -- time-stamps turned off.
--2021-10-08 09:56:51--  https://diamond.jp/list/feed/rsszol
Reusing existing connection to diamond.jp:443.
HTTP request sent, awaiting response... 200 OK
Length: 37605 (37K) [text/xml]
Saving to: ‘diamond.jp/list/feed/rsszol’

     0K .......... .......... .......... ......               100%  226K=0.2s

2021-10-08 09:56:52 (226 KB/s) - ‘diamond.jp/list/feed/rsszol’ saved [37605/37605]

--2021-10-08 09:56:52--  https://toyokeizai.net/list/feed/rss
Resolving toyokeizai.net (toyokeizai.net)... 202.238.151.52
Connecting to toyokeizai.net (toyokeizai.net)|202.238.151.52|:443... connected.
HTTP request sent, awaiting response... 200 OK
Length: unspecified [text/xml]
Last-modified header missing -- time-stamps turned off.
--2021-10-08 09:56:52--  https://toyokeizai.net/list/feed/rss
Reusing existing connection to toyokeizai.net:443.
HTTP request sent, awaiting response... 200 OK
Length: 18931 (18K) [text/xml]
Saving to: ‘toyokeizai.net/list/feed/rss’

     0K .......... ........                                   100%  115K=0.2s

2021-10-08 09:56:53 (115 KB/s) - ‘toyokeizai.net/list/feed/rss’ saved [18931/18931]

--2021-10-08 09:56:53--  https://www.fnn.jp/list/feed/rss
Resolving www.fnn.jp (www.fnn.jp)... 163.49.35.64
Connecting to www.fnn.jp (www.fnn.jp)|163.49.35.64|:443... connected.
HTTP request sent, awaiting response... 200 OK
Length: unspecified [text/xml]
Last-modified header missing -- time-stamps turned off.
--2021-10-08 09:56:53--  https://www.fnn.jp/list/feed/rss
Reusing existing connection to www.fnn.jp:443.
HTTP request sent, awaiting response... 200 OK
Length: 35961 (35K) [text/xml]
Saving to: ‘www.fnn.jp/list/feed/rss’

     0K .......... .......... .......... .....                100%  111K=0.3s

2021-10-08 09:56:54 (111 KB/s) - ‘www.fnn.jp/list/feed/rss’ saved [35961/35961]

--2021-10-08 09:56:54--  https://www.gizmodo.jp/index.xml
Resolving www.gizmodo.jp (www.gizmodo.jp)... 13.32.208.94, 13.32.208.82, 13.32.208.6, ...
Connecting to www.gizmodo.jp (www.gizmodo.jp)|13.32.208.94|:443... connected.
HTTP request sent, awaiting response... 200 OK
Length: unspecified [text/xml]
Last-modified header missing -- time-stamps turned off.
--2021-10-08 09:56:56--  https://www.gizmodo.jp/index.xml
Reusing existing connection to www.gizmodo.jp:443.
HTTP request sent, awaiting response... 200 OK
Length: unspecified [text/xml]
Saving to: ‘www.gizmodo.jp/index.xml’

     0K .......... .......... .......                           190K=0.1s

2021-10-08 09:56:57 (190 KB/s) - ‘www.gizmodo.jp/index.xml’ saved [28082]

--2021-10-08 09:56:57--  https://www.gamespark.jp/rss/index.rdf
Resolving www.gamespark.jp (www.gamespark.jp)... 124.147.8.237
Connecting to www.gamespark.jp (www.gamespark.jp)|124.147.8.237|:443... connected.
HTTP request sent, awaiting response... 200 OK
Length: unspecified [application/rss+xml]
Last-modified header missing -- time-stamps turned off.
--2021-10-08 09:56:59--  https://www.gamespark.jp/rss/index.rdf
Reusing existing connection to www.gamespark.jp:443.
HTTP request sent, awaiting response... 200 OK
Length: unspecified [application/rss+xml]
Saving to: ‘www.gamespark.jp/rss/index.rdf’

     0K .......... .......... ..                               73.1K=0.3s

2021-10-08 09:57:00 (73.1 KB/s) - ‘www.gamespark.jp/rss/index.rdf’ saved [22871]

--2021-10-08 09:57:00--  https://dailyportalz.jp/feed/headline
Resolving dailyportalz.jp (dailyportalz.jp)... 13.33.160.99, 13.33.160.2, 13.33.160.80, ...
Connecting to dailyportalz.jp (dailyportalz.jp)|13.33.160.99|:443... connected.
HTTP request sent, awaiting response... 200 OK
Length: unspecified [text/xml]
Last-modified header missing -- time-stamps turned off.
--2021-10-08 09:57:02--  https://dailyportalz.jp/feed/headline
Reusing existing connection to dailyportalz.jp:443.
HTTP request sent, awaiting response... 200 OK
Length: unspecified [text/xml]
Saving to: ‘dailyportalz.jp/feed/headline’

     0K ..........                                              182M=0s

2021-10-08 09:57:03 (182 MB/s) - ‘dailyportalz.jp/feed/headline’ saved [10962]

--2021-10-08 09:57:03--  https://gendai.ismedia.jp/list/feed/rss
Resolving gendai.ismedia.jp (gendai.ismedia.jp)... 210.148.177.138
Connecting to gendai.ismedia.jp (gendai.ismedia.jp)|210.148.177.138|:443... connected.
HTTP request sent, awaiting response... 200 OK
Length: unspecified [text/xml]
Last-modified header missing -- time-stamps turned off.
--2021-10-08 09:57:03--  https://gendai.ismedia.jp/list/feed/rss
Reusing existing connection to gendai.ismedia.jp:443.
HTTP request sent, awaiting response... 200 OK
Length: 14100 (14K) [text/xml]
Saving to: ‘gendai.ismedia.jp/list/feed/rss’

     0K .......... ...                                        100% 76.0M=0s

2021-10-08 09:57:04 (76.0 MB/s) - ‘gendai.ismedia.jp/list/feed/rss’ saved [14100/14100]

--2021-10-08 09:57:04--  https://jbpress.ismedia.jp/list/feed/rss
Resolving jbpress.ismedia.jp (jbpress.ismedia.jp)... 210.148.177.151
Connecting to jbpress.ismedia.jp (jbpress.ismedia.jp)|210.148.177.151|:443... connected.
HTTP request sent, awaiting response... 200 OK
Length: unspecified [text/xml]
Last-modified header missing -- time-stamps turned off.
--2021-10-08 09:57:05--  https://jbpress.ismedia.jp/list/feed/rss
Reusing existing connection to jbpress.ismedia.jp:443.
HTTP request sent, awaiting response... 200 OK
Length: 22502 (22K) [text/xml]
Saving to: ‘jbpress.ismedia.jp/list/feed/rss’

     0K .......... .......... .                               100%  135K=0.2s

2021-10-08 09:57:05 (135 KB/s) - ‘jbpress.ismedia.jp/list/feed/rss’ saved [22502/22502]

--2021-10-08 09:57:05--  https://wedge.ismedia.jp/list/feed/rss
Resolving wedge.ismedia.jp (wedge.ismedia.jp)... 210.148.177.159
Connecting to wedge.ismedia.jp (wedge.ismedia.jp)|210.148.177.159|:443... connected.
HTTP request sent, awaiting response... 200 OK
Length: unspecified [text/xml]
Last-modified header missing -- time-stamps turned off.
--2021-10-08 09:57:06--  https://wedge.ismedia.jp/list/feed/rss
Reusing existing connection to wedge.ismedia.jp:443.
HTTP request sent, awaiting response... 200 OK
Length: 35679 (35K) [text/xml]
Saving to: ‘wedge.ismedia.jp/list/feed/rss’

     0K .......... .......... .......... ....                 100%  218K=0.2s

2021-10-08 09:57:06 (218 KB/s) - ‘wedge.ismedia.jp/list/feed/rss’ saved [35679/35679]

--2021-10-08 09:57:06--  https://biz-journal.jp/index.xml
Resolving biz-journal.jp (biz-journal.jp)... 13.32.150.32, 13.32.150.128, 13.32.150.42, ...
Connecting to biz-journal.jp (biz-journal.jp)|13.32.150.32|:443... connected.
HTTP request sent, awaiting response... 200 OK
Length: unspecified [application/xml]
Last-modified header missing -- time-stamps turned off.
--2021-10-08 09:57:07--  https://biz-journal.jp/index.xml
Reusing existing connection to biz-journal.jp:443.
HTTP request sent, awaiting response... 200 OK
Length: unspecified [application/xml]
Saving to: ‘biz-journal.jp/index.xml’

     0K .......... .........                                    175M=0s

2021-10-08 09:57:07 (175 MB/s) - ‘biz-journal.jp/index.xml’ saved [20118]

--2021-10-08 09:57:07--  https://www.sinkan.jp/news/feed/rss
Resolving www.sinkan.jp (www.sinkan.jp)... 34.98.73.35, 2600:1901:0:f354::
Connecting to www.sinkan.jp (www.sinkan.jp)|34.98.73.35|:443... connected.
HTTP request sent, awaiting response... 200 OK
Length: unspecified [text/xml]
Last-modified header missing -- time-stamps turned off.
--2021-10-08 09:57:10--  https://www.sinkan.jp/news/feed/rss
Reusing existing connection to www.sinkan.jp:443.
HTTP request sent, awaiting response... 200 OK
Length: unspecified [text/xml]
Saving to: ‘www.sinkan.jp/news/feed/rss’

     0K .......... .......... .......... ......                 213K=0.2s

2021-10-08 09:57:13 (213 KB/s) - ‘www.sinkan.jp/news/feed/rss’ saved [37334]

--2021-10-08 09:57:13--  https://postd.cc/feed/
Resolving postd.cc (postd.cc)... 151.101.1.195, 151.101.65.195
Connecting to postd.cc (postd.cc)|151.101.1.195|:443... connected.
HTTP request sent, awaiting response... 200 OK
Length: 282411 (276K) [application/xml]
Server file no newer than local file ‘postd.cc/feed/index.html’ -- not retrieving.

--2021-10-08 09:57:14--  https://news.mynavi.jp/rss/business/enterprise
Resolving news.mynavi.jp (news.mynavi.jp)... 13.32.150.13, 13.32.150.82, 13.32.150.74, ...
Connecting to news.mynavi.jp (news.mynavi.jp)|13.32.150.13|:443... connected.
HTTP request sent, awaiting response... 200 OK
Length: unspecified [application/xml]
Last-modified header missing -- time-stamps turned off.
--2021-10-08 09:57:14--  https://news.mynavi.jp/rss/business/enterprise
Reusing existing connection to news.mynavi.jp:443.
HTTP request sent, awaiting response... 200 OK
Length: unspecified [application/xml]
Saving to: ‘news.mynavi.jp/rss/business/enterprise’

     0K .......... .......... .......... .......               59.5M=0.001s

2021-10-08 09:57:15 (59.5 MB/s) - ‘news.mynavi.jp/rss/business/enterprise’ saved [38463]

--2021-10-08 09:57:15--  https://news.mynavi.jp/rss/business/technology
Reusing existing connection to news.mynavi.jp:443.
HTTP request sent, awaiting response... 200 OK
Length: unspecified [application/xml]
Last-modified header missing -- time-stamps turned off.
--2021-10-08 09:57:16--  https://news.mynavi.jp/rss/business/technology
Reusing existing connection to news.mynavi.jp:443.
HTTP request sent, awaiting response... 200 OK
Length: unspecified [application/xml]
Saving to: ‘news.mynavi.jp/rss/business/technology’

     0K .......... .......... .......... ......                45.6M=0.001s

2021-10-08 09:57:16 (45.6 MB/s) - ‘news.mynavi.jp/rss/business/technology’ saved [37545]

--2021-10-08 09:57:16--  https://news.mynavi.jp/rss/digital/pc
Reusing existing connection to news.mynavi.jp:443.
HTTP request sent, awaiting response... 200 OK
Length: unspecified [application/xml]
Last-modified header missing -- time-stamps turned off.
--2021-10-08 09:57:16--  https://news.mynavi.jp/rss/digital/pc
Reusing existing connection to news.mynavi.jp:443.
HTTP request sent, awaiting response... 200 OK
Length: unspecified [application/xml]
Saving to: ‘news.mynavi.jp/rss/digital/pc’

     0K .......... .......... .......... ......                45.3M=0.001s

2021-10-08 09:57:17 (45.3 MB/s) - ‘news.mynavi.jp/rss/digital/pc’ saved [37762]

--2021-10-08 09:57:17--  https://news.mynavi.jp/rss/digital/mobile
Reusing existing connection to news.mynavi.jp:443.
HTTP request sent, awaiting response... 200 OK
Length: unspecified [application/xml]
Last-modified header missing -- time-stamps turned off.
--2021-10-08 09:57:17--  https://news.mynavi.jp/rss/digital/mobile
Reusing existing connection to news.mynavi.jp:443.
HTTP request sent, awaiting response... 200 OK
Length: unspecified [application/xml]
Saving to: ‘news.mynavi.jp/rss/digital/mobile’

     0K .......... .......... .......... .......               44.1M=0.001s

2021-10-08 09:57:18 (44.1 MB/s) - ‘news.mynavi.jp/rss/digital/mobile’ saved [38042]

--2021-10-08 09:57:18--  https://news.mynavi.jp/rss/digital/kaden
Reusing existing connection to news.mynavi.jp:443.
HTTP request sent, awaiting response... 200 OK
Length: unspecified [application/xml]
Last-modified header missing -- time-stamps turned off.
--2021-10-08 09:57:18--  https://news.mynavi.jp/rss/digital/kaden
Reusing existing connection to news.mynavi.jp:443.
HTTP request sent, awaiting response... 200 OK
Length: unspecified [application/xml]
Saving to: ‘news.mynavi.jp/rss/digital/kaden’

     0K .......... .......... .......... ......                37.0M=0.001s

2021-10-08 09:57:18 (37.0 MB/s) - ‘news.mynavi.jp/rss/digital/kaden’ saved [37080]

--2021-10-08 09:57:18--  https://news.mynavi.jp/rss/kurashi/life
Reusing existing connection to news.mynavi.jp:443.
HTTP request sent, awaiting response... 200 OK
Length: unspecified [application/xml]
Last-modified header missing -- time-stamps turned off.
--2021-10-08 09:57:19--  https://news.mynavi.jp/rss/kurashi/life
Reusing existing connection to news.mynavi.jp:443.
HTTP request sent, awaiting response... 200 OK
Length: unspecified [application/xml]
Saving to: ‘news.mynavi.jp/rss/kurashi/life’

     0K .......... .......... .......... .......               41.2M=0.001s

2021-10-08 09:57:19 (41.2 MB/s) - ‘news.mynavi.jp/rss/kurashi/life’ saved [38088]

--2021-10-08 09:57:19--  https://news.mynavi.jp/rss/kurashi/telework
Reusing existing connection to news.mynavi.jp:443.
HTTP request sent, awaiting response... 200 OK
Length: unspecified [application/xml]
Last-modified header missing -- time-stamps turned off.
--2021-10-08 09:57:19--  https://news.mynavi.jp/rss/kurashi/telework
Reusing existing connection to news.mynavi.jp:443.
HTTP request sent, awaiting response... 200 OK
Length: unspecified [application/xml]
Saving to: ‘news.mynavi.jp/rss/kurashi/telework’

     0K .......... .......... .......... .......               23.8M=0.002s

2021-10-08 09:57:20 (23.8 MB/s) - ‘news.mynavi.jp/rss/kurashi/telework’ saved [38394]

--2021-10-08 09:57:20--  https://news.mynavi.jp/rss/kurashi/tokyo2020
Reusing existing connection to news.mynavi.jp:443.
HTTP request sent, awaiting response... 404 Not Found
2021-10-08 09:57:20 ERROR 404: Not Found.

--2021-10-08 09:57:20--  https://news.mynavi.jp/rss/entertainment/entertainment
Reusing existing connection to news.mynavi.jp:443.
HTTP request sent, awaiting response... 200 OK
Length: unspecified [application/xml]
Last-modified header missing -- time-stamps turned off.
--2021-10-08 09:57:20--  https://news.mynavi.jp/rss/entertainment/entertainment
Reusing existing connection to news.mynavi.jp:443.
HTTP request sent, awaiting response... 200 OK
Length: unspecified [application/xml]
Saving to: ‘news.mynavi.jp/rss/entertainment/entertainment’

     0K .......... .......... .......... .........             39.1M=0.001s

2021-10-08 09:57:21 (39.1 MB/s) - ‘news.mynavi.jp/rss/entertainment/entertainment’ saved [40066]

--2021-10-08 09:57:21--  https://news.mynavi.jp/rss/entertainment/hobby
Reusing existing connection to news.mynavi.jp:443.
HTTP request sent, awaiting response... 200 OK
Length: unspecified [application/xml]
Last-modified header missing -- time-stamps turned off.
--2021-10-08 09:57:21--  https://news.mynavi.jp/rss/entertainment/hobby
Reusing existing connection to news.mynavi.jp:443.
HTTP request sent, awaiting response... 200 OK
Length: unspecified [application/xml]
Saving to: ‘news.mynavi.jp/rss/entertainment/hobby’

     0K .......... .......... .......... ..                    40.3M=0.001s

2021-10-08 09:57:21 (40.3 MB/s) - ‘news.mynavi.jp/rss/entertainment/hobby’ saved [33132]

--2021-10-08 09:57:21--  https://rss.itmedia.co.jp/rss/2.0/itmedia_all.xml
Resolving rss.itmedia.co.jp (rss.itmedia.co.jp)... 54.65.86.98, 52.199.41.33
Connecting to rss.itmedia.co.jp (rss.itmedia.co.jp)|54.65.86.98|:443... connected.
HTTP request sent, awaiting response... 200 OK
Length: 29757 (29K) [application/xml]
The sizes do not match (local 28994) -- retrieving.

--2021-10-08 09:57:22--  https://rss.itmedia.co.jp/rss/2.0/itmedia_all.xml
Reusing existing connection to rss.itmedia.co.jp:443.
HTTP request sent, awaiting response... 200 OK
Length: 29757 (29K) [application/xml]
Saving to: ‘rss.itmedia.co.jp/rss/2.0/itmedia_all.xml’

     0K .......... .......... .........                       100%  195M=0s

2021-10-08 09:57:22 (195 MB/s) - ‘rss.itmedia.co.jp/rss/2.0/itmedia_all.xml’ saved [29757/29757]

--2021-10-08 09:57:22--  https://rss.itmedia.co.jp/rss/2.0/topstory.xml
Reusing existing connection to rss.itmedia.co.jp:443.
HTTP request sent, awaiting response... 200 OK
Length: 11262 (11K) [application/xml]
The sizes do not match (local 11399) -- retrieving.

--2021-10-08 09:57:23--  https://rss.itmedia.co.jp/rss/2.0/topstory.xml
Reusing existing connection to rss.itmedia.co.jp:443.
HTTP request sent, awaiting response... 200 OK
Length: 11262 (11K) [application/xml]
Saving to: ‘rss.itmedia.co.jp/rss/2.0/topstory.xml’

     0K ..........                                            100%  203M=0s

2021-10-08 09:57:23 (203 MB/s) - ‘rss.itmedia.co.jp/rss/2.0/topstory.xml’ saved [11262/11262]

--2021-10-08 09:57:23--  https://rss.itmedia.co.jp/rss/2.0/news_bursts.xml
Reusing existing connection to rss.itmedia.co.jp:443.
HTTP request sent, awaiting response... 200 OK
Length: 26978 (26K) [application/xml]
The sizes do not match (local 27370) -- retrieving.

--2021-10-08 09:57:23--  https://rss.itmedia.co.jp/rss/2.0/news_bursts.xml
Reusing existing connection to rss.itmedia.co.jp:443.
HTTP request sent, awaiting response... 200 OK
Length: 26978 (26K) [application/xml]
Saving to: ‘rss.itmedia.co.jp/rss/2.0/news_bursts.xml’

     0K .......... .......... ......                          100%  162M=0s

2021-10-08 09:57:23 (162 MB/s) - ‘rss.itmedia.co.jp/rss/2.0/news_bursts.xml’ saved [26978/26978]

--2021-10-08 09:57:23--  https://rss.itmedia.co.jp/rss/2.0/mobile.xml
Reusing existing connection to rss.itmedia.co.jp:443.
HTTP request sent, awaiting response... 200 OK
Length: 11724 (11K) [application/xml]
Server file no newer than local file ‘rss.itmedia.co.jp/rss/2.0/mobile.xml’ -- not retrieving.

--2021-10-08 09:57:23--  https://rss.itmedia.co.jp/rss/2.0/pcuser.xml
Reusing existing connection to rss.itmedia.co.jp:443.
HTTP request sent, awaiting response... 200 OK
Length: 9754 (9.5K) [application/xml]
Server file no newer than local file ‘rss.itmedia.co.jp/rss/2.0/pcuser.xml’ -- not retrieving.

--2021-10-08 09:57:23--  https://rss.itmedia.co.jp/rss/2.0/business.xml
Reusing existing connection to rss.itmedia.co.jp:443.
HTTP request sent, awaiting response... 200 OK
Length: 12026 (12K) [application/xml]
The sizes do not match (local 11780) -- retrieving.

--2021-10-08 09:57:24--  https://rss.itmedia.co.jp/rss/2.0/business.xml
Reusing existing connection to rss.itmedia.co.jp:443.
HTTP request sent, awaiting response... 200 OK
Length: 12026 (12K) [application/xml]
Saving to: ‘rss.itmedia.co.jp/rss/2.0/business.xml’

     0K .......... .                                          100%  207M=0s

2021-10-08 09:57:24 (207 MB/s) - ‘rss.itmedia.co.jp/rss/2.0/business.xml’ saved [12026/12026]

--2021-10-08 09:57:24--  https://rss.itmedia.co.jp/rss/2.0/enterprise.xml
Reusing existing connection to rss.itmedia.co.jp:443.
HTTP request sent, awaiting response... 200 OK
Length: 29560 (29K) [application/xml]
The sizes do not match (local 29606) -- retrieving.

--2021-10-08 09:57:24--  https://rss.itmedia.co.jp/rss/2.0/enterprise.xml
Reusing existing connection to rss.itmedia.co.jp:443.
HTTP request sent, awaiting response... 200 OK
Length: 29560 (29K) [application/xml]
Saving to: ‘rss.itmedia.co.jp/rss/2.0/enterprise.xml’

     0K .......... .......... ........                        100% 26.7M=0.001s

2021-10-08 09:57:24 (26.7 MB/s) - ‘rss.itmedia.co.jp/rss/2.0/enterprise.xml’ saved [29560/29560]

--2021-10-08 09:57:24--  https://rss.itmedia.co.jp/rss/2.0/executive.xml
Reusing existing connection to rss.itmedia.co.jp:443.
HTTP request sent, awaiting response... 200 OK
Length: 10072 (9.8K) [application/xml]
The sizes do not match (local 10153) -- retrieving.

--2021-10-08 09:57:24--  https://rss.itmedia.co.jp/rss/2.0/executive.xml
Reusing existing connection to rss.itmedia.co.jp:443.
HTTP request sent, awaiting response... 200 OK
Length: 10072 (9.8K) [application/xml]
Saving to: ‘rss.itmedia.co.jp/rss/2.0/executive.xml’

     0K .........                                             100%  179M=0s

2021-10-08 09:57:24 (179 MB/s) - ‘rss.itmedia.co.jp/rss/2.0/executive.xml’ saved [10072/10072]

--2021-10-08 09:57:24--  https://rss.itmedia.co.jp/rss/2.0/marketing.xml
Reusing existing connection to rss.itmedia.co.jp:443.
HTTP request sent, awaiting response... 200 OK
Length: 9295 (9.1K) [application/xml]
Server file no newer than local file ‘rss.itmedia.co.jp/rss/2.0/marketing.xml’ -- not retrieving.

--2021-10-08 09:57:24--  https://rss.itmedia.co.jp/rss/2.0/ait.xml
Reusing existing connection to rss.itmedia.co.jp:443.
HTTP request sent, awaiting response... 200 OK
Length: 18177 (18K) [application/xml]
The sizes do not match (local 18260) -- retrieving.

--2021-10-08 09:57:25--  https://rss.itmedia.co.jp/rss/2.0/ait.xml
Reusing existing connection to rss.itmedia.co.jp:443.
HTTP request sent, awaiting response... 200 OK
Length: 18177 (18K) [application/xml]
Saving to: ‘rss.itmedia.co.jp/rss/2.0/ait.xml’

     0K .......... .......                                    100%  180M=0s

2021-10-08 09:57:25 (180 MB/s) - ‘rss.itmedia.co.jp/rss/2.0/ait.xml’ saved [18177/18177]

--2021-10-08 09:57:25--  https://rss.itmedia.co.jp/rss/2.0/keymans.xml
Reusing existing connection to rss.itmedia.co.jp:443.
HTTP request sent, awaiting response... 200 OK
Length: 27210 (27K) [application/xml]
The sizes do not match (local 27247) -- retrieving.

--2021-10-08 09:57:25--  https://rss.itmedia.co.jp/rss/2.0/keymans.xml
Reusing existing connection to rss.itmedia.co.jp:443.
HTTP request sent, awaiting response... 200 OK
Length: 27210 (27K) [application/xml]
Saving to: ‘rss.itmedia.co.jp/rss/2.0/keymans.xml’

     0K .......... .......... ......                          100%  176M=0s

2021-10-08 09:57:25 (176 MB/s) - ‘rss.itmedia.co.jp/rss/2.0/keymans.xml’ saved [27210/27210]

--2021-10-08 09:57:25--  https://rss.itmedia.co.jp/rss/2.0/techtarget.xml
Reusing existing connection to rss.itmedia.co.jp:443.
HTTP request sent, awaiting response... 200 OK
Length: 15886 (16K) [application/xml]
The sizes do not match (local 15874) -- retrieving.

--2021-10-08 09:57:25--  https://rss.itmedia.co.jp/rss/2.0/techtarget.xml
Reusing existing connection to rss.itmedia.co.jp:443.
HTTP request sent, awaiting response... 200 OK
Length: 15886 (16K) [application/xml]
Saving to: ‘rss.itmedia.co.jp/rss/2.0/techtarget.xml’

     0K .......... .....                                      100%  287M=0s

2021-10-08 09:57:25 (287 MB/s) - ‘rss.itmedia.co.jp/rss/2.0/techtarget.xml’ saved [15886/15886]

--2021-10-08 09:57:25--  https://rss.itmedia.co.jp/rss/2.0/monoist.xml
Reusing existing connection to rss.itmedia.co.jp:443.
HTTP request sent, awaiting response... 200 OK
Length: 18239 (18K) [application/xml]
The sizes do not match (local 18986) -- retrieving.

--2021-10-08 09:57:26--  https://rss.itmedia.co.jp/rss/2.0/monoist.xml
Reusing existing connection to rss.itmedia.co.jp:443.
HTTP request sent, awaiting response... 200 OK
Length: 18239 (18K) [application/xml]
Saving to: ‘rss.itmedia.co.jp/rss/2.0/monoist.xml’

     0K .......... .......                                    100%  172M=0s

2021-10-08 09:57:26 (172 MB/s) - ‘rss.itmedia.co.jp/rss/2.0/monoist.xml’ saved [18239/18239]

--2021-10-08 09:57:26--  https://rss.itmedia.co.jp/rss/2.0/eetimes.xml
Reusing existing connection to rss.itmedia.co.jp:443.
HTTP request sent, awaiting response... 200 OK
Length: 11851 (12K) [application/xml]
The sizes do not match (local 12654) -- retrieving.

--2021-10-08 09:57:26--  https://rss.itmedia.co.jp/rss/2.0/eetimes.xml
Reusing existing connection to rss.itmedia.co.jp:443.
HTTP request sent, awaiting response... 200 OK
Length: 11851 (12K) [application/xml]
Saving to: ‘rss.itmedia.co.jp/rss/2.0/eetimes.xml’

     0K .......... .                                          100%  224M=0s

2021-10-08 09:57:26 (224 MB/s) - ‘rss.itmedia.co.jp/rss/2.0/eetimes.xml’ saved [11851/11851]

--2021-10-08 09:57:26--  https://rss.itmedia.co.jp/rss/2.0/edn.xml
Reusing existing connection to rss.itmedia.co.jp:443.
HTTP request sent, awaiting response... 200 OK
Length: 10415 (10K) [application/xml]
The sizes do not match (local 11280) -- retrieving.

--2021-10-08 09:57:26--  https://rss.itmedia.co.jp/rss/2.0/edn.xml
Reusing existing connection to rss.itmedia.co.jp:443.
HTTP request sent, awaiting response... 200 OK
Length: 10415 (10K) [application/xml]
Saving to: ‘rss.itmedia.co.jp/rss/2.0/edn.xml’

     0K ..........                                            100%  190M=0s

2021-10-08 09:57:26 (190 MB/s) - ‘rss.itmedia.co.jp/rss/2.0/edn.xml’ saved [10415/10415]

--2021-10-08 09:57:26--  https://rss.itmedia.co.jp/rss/2.0/smartjapan.xml
Reusing existing connection to rss.itmedia.co.jp:443.
HTTP request sent, awaiting response... 200 OK
Length: 11767 (11K) [application/xml]
Server file no newer than local file ‘rss.itmedia.co.jp/rss/2.0/smartjapan.xml’ -- not retrieving.

--2021-10-08 09:57:26--  https://rss.itmedia.co.jp/rss/2.0/sj_built.xml
Reusing existing connection to rss.itmedia.co.jp:443.
HTTP request sent, awaiting response... 200 OK
Length: 19313 (19K) [application/xml]
The sizes do not match (local 18847) -- retrieving.

--2021-10-08 09:57:27--  https://rss.itmedia.co.jp/rss/2.0/sj_built.xml
Reusing existing connection to rss.itmedia.co.jp:443.
HTTP request sent, awaiting response... 200 OK
Length: 19313 (19K) [application/xml]
Saving to: ‘rss.itmedia.co.jp/rss/2.0/sj_built.xml’

     0K .......... ........                                   100%  185M=0s

2021-10-08 09:57:27 (185 MB/s) - ‘rss.itmedia.co.jp/rss/2.0/sj_built.xml’ saved [19313/19313]

--2021-10-08 09:57:27--  https://rss.itmedia.co.jp/rss/2.0/techfactory.xml
Reusing existing connection to rss.itmedia.co.jp:443.
HTTP request sent, awaiting response... 200 OK
Length: 18197 (18K) [application/xml]
Server file no newer than local file ‘rss.itmedia.co.jp/rss/2.0/techfactory.xml’ -- not retrieving.

--2021-10-08 09:57:27--  https://rss.itmedia.co.jp/rss/2.0/netlab.xml
Reusing existing connection to rss.itmedia.co.jp:443.
HTTP request sent, awaiting response... 200 OK
Length: 7620 (7.4K) [application/xml]
The sizes do not match (local 7876) -- retrieving.

--2021-10-08 09:57:27--  https://rss.itmedia.co.jp/rss/2.0/netlab.xml
Reusing existing connection to rss.itmedia.co.jp:443.
HTTP request sent, awaiting response... 200 OK
Length: 7620 (7.4K) [application/xml]
Saving to: ‘rss.itmedia.co.jp/rss/2.0/netlab.xml’

     0K .......                                               100%  920M=0s

2021-10-08 09:57:27 (920 MB/s) - ‘rss.itmedia.co.jp/rss/2.0/netlab.xml’ saved [7620/7620]

--2021-10-08 09:57:27--  https://chosa.itmedia.co.jp/rss
Resolving chosa.itmedia.co.jp (chosa.itmedia.co.jp)... 3.114.148.63, 3.113.200.29
Connecting to chosa.itmedia.co.jp (chosa.itmedia.co.jp)|3.114.148.63|:443... connected.
HTTP request sent, awaiting response... 301 Moved Permanently
Location: https://chosa.itmedia.co.jp/recent.xml [following]
--2021-10-08 09:57:28--  https://chosa.itmedia.co.jp/recent.xml
Connecting to chosa.itmedia.co.jp (chosa.itmedia.co.jp)|3.114.148.63|:443... connected.
HTTP request sent, awaiting response... 200 OK
Length: 59904 (58K) [application/xml]
Last-modified header missing -- time-stamps turned off.
--2021-10-08 09:57:29--  https://chosa.itmedia.co.jp/recent.xml
Reusing existing connection to chosa.itmedia.co.jp:443.
HTTP request sent, awaiting response... 200 OK
Length: 59904 (58K) [application/xml]
Saving to: ‘chosa.itmedia.co.jp/rss’

     0K .......... .......... .......... .......... .......... 85%  321K 0s
    50K ........                                              100%  187M=0.2s

2021-10-08 09:57:29 (375 KB/s) - ‘chosa.itmedia.co.jp/rss’ saved [59904/59904]

--2021-10-08 09:57:29--  https://www.watch.impress.co.jp/data/rss/1.0/ipw/feed.rdf
Resolving www.watch.impress.co.jp (www.watch.impress.co.jp)... 202.218.128.207
Connecting to www.watch.impress.co.jp (www.watch.impress.co.jp)|202.218.128.207|:443... connected.
HTTP request sent, awaiting response... 200 OK
Length: 15027 (15K) [application/xml]
The sizes do not match (local 14956) -- retrieving.

--2021-10-08 09:57:30--  https://www.watch.impress.co.jp/data/rss/1.0/ipw/feed.rdf
Reusing existing connection to www.watch.impress.co.jp:443.
HTTP request sent, awaiting response... 200 OK
Length: 15027 (15K) [application/xml]
Saving to: ‘www.watch.impress.co.jp/data/rss/1.0/ipw/feed.rdf’

     0K .......... ....                                       100%  272M=0s

2021-10-08 09:57:30 (272 MB/s) - ‘www.watch.impress.co.jp/data/rss/1.0/ipw/feed.rdf’ saved [15027/15027]

--2021-10-08 09:57:30--  https://www.watch.impress.co.jp/kodomo_it/rss.xml
Reusing existing connection to www.watch.impress.co.jp:443.
HTTP request sent, awaiting response... 200 OK
Length: 9377 (9.2K) [text/xml]
Server file no newer than local file ‘www.watch.impress.co.jp/kodomo_it/rss.xml’ -- not retrieving.

--2021-10-08 09:57:31--  https://travel.watch.impress.co.jp/docs/travel.rdf
Resolving travel.watch.impress.co.jp (travel.watch.impress.co.jp)... 202.218.128.211
Connecting to travel.watch.impress.co.jp (travel.watch.impress.co.jp)|202.218.128.211|:443... connected.
HTTP request sent, awaiting response... 301 Moved Permanently
Location: https://travel.watch.impress.co.jp/data/rss/1.0/trw/feed.rdf [following]
--2021-10-08 09:57:31--  https://travel.watch.impress.co.jp/data/rss/1.0/trw/feed.rdf
Connecting to travel.watch.impress.co.jp (travel.watch.impress.co.jp)|202.218.128.211|:443... connected.
HTTP request sent, awaiting response... 200 OK
Length: 11417 (11K) [application/xml]
The sizes do not match (local 11117) -- retrieving.

--2021-10-08 09:57:32--  https://travel.watch.impress.co.jp/data/rss/1.0/trw/feed.rdf
Reusing existing connection to travel.watch.impress.co.jp:443.
HTTP request sent, awaiting response... 200 OK
Length: 11417 (11K) [application/xml]
Saving to: ‘travel.watch.impress.co.jp/docs/travel.rdf’

     0K .......... .                                          100%  207M=0s

2021-10-08 09:57:32 (207 MB/s) - ‘travel.watch.impress.co.jp/docs/travel.rdf’ saved [11417/11417]

--2021-10-08 09:57:32--  https://akiba-pc.watch.impress.co.jp/data/rss/1.0/ah/feed.rdf
Resolving akiba-pc.watch.impress.co.jp (akiba-pc.watch.impress.co.jp)... 202.218.128.201
Connecting to akiba-pc.watch.impress.co.jp (akiba-pc.watch.impress.co.jp)|202.218.128.201|:443... connected.
HTTP request sent, awaiting response... 200 OK
Length: 10454 (10K) [application/xml]
The sizes do not match (local 10433) -- retrieving.

--2021-10-08 09:57:33--  https://akiba-pc.watch.impress.co.jp/data/rss/1.0/ah/feed.rdf
Reusing existing connection to akiba-pc.watch.impress.co.jp:443.
HTTP request sent, awaiting response... 200 OK
Length: 10454 (10K) [application/xml]
Saving to: ‘akiba-pc.watch.impress.co.jp/data/rss/1.0/ah/feed.rdf’

     0K ..........                                            100%  185M=0s

2021-10-08 09:57:33 (185 MB/s) - ‘akiba-pc.watch.impress.co.jp/data/rss/1.0/ah/feed.rdf’ saved [10454/10454]

--2021-10-08 09:57:33--  https://av.watch.impress.co.jp/data/rss/1.0/avw/feed.rdf
Resolving av.watch.impress.co.jp (av.watch.impress.co.jp)... 202.218.128.202
Connecting to av.watch.impress.co.jp (av.watch.impress.co.jp)|202.218.128.202|:443... connected.
HTTP request sent, awaiting response... 200 OK
Length: 16157 (16K) [application/xml]
The sizes do not match (local 16016) -- retrieving.

--2021-10-08 09:57:34--  https://av.watch.impress.co.jp/data/rss/1.0/avw/feed.rdf
Reusing existing connection to av.watch.impress.co.jp:443.
HTTP request sent, awaiting response... 200 OK
Length: 16157 (16K) [application/xml]
Saving to: ‘av.watch.impress.co.jp/data/rss/1.0/avw/feed.rdf’

     0K .......... .....                                      100%  152M=0s

2021-10-08 09:57:34 (152 MB/s) - ‘av.watch.impress.co.jp/data/rss/1.0/avw/feed.rdf’ saved [16157/16157]

--2021-10-08 09:57:34--  https://car.watch.impress.co.jp/data/rss/1.0/car/feed.rdf
Resolving car.watch.impress.co.jp (car.watch.impress.co.jp)... 202.218.128.203
Connecting to car.watch.impress.co.jp (car.watch.impress.co.jp)|202.218.128.203|:443... connected.
HTTP request sent, awaiting response... 200 OK
Length: 26371 (26K) [application/xml]
The sizes do not match (local 26489) -- retrieving.

--2021-10-08 09:57:35--  https://car.watch.impress.co.jp/data/rss/1.0/car/feed.rdf
Reusing existing connection to car.watch.impress.co.jp:443.
HTTP request sent, awaiting response... 200 OK
Length: 26371 (26K) [application/xml]
Saving to: ‘car.watch.impress.co.jp/data/rss/1.0/car/feed.rdf’

     0K .......... .......... .....                           100%  174M=0s

2021-10-08 09:57:36 (174 MB/s) - ‘car.watch.impress.co.jp/data/rss/1.0/car/feed.rdf’ saved [26371/26371]

--2021-10-08 09:57:36--  https://cloud.watch.impress.co.jp/data/rss/1.0/clw/feed.rdf
Resolving cloud.watch.impress.co.jp (cloud.watch.impress.co.jp)... 202.218.128.204
Connecting to cloud.watch.impress.co.jp (cloud.watch.impress.co.jp)|202.218.128.204|:443... connected.
HTTP request sent, awaiting response... 200 OK
Length: 12685 (12K) [application/xml]
The sizes do not match (local 12273) -- retrieving.

--2021-10-08 09:57:36--  https://cloud.watch.impress.co.jp/data/rss/1.0/clw/feed.rdf
Reusing existing connection to cloud.watch.impress.co.jp:443.
HTTP request sent, awaiting response... 200 OK
Length: 12685 (12K) [application/xml]
Saving to: ‘cloud.watch.impress.co.jp/data/rss/1.0/clw/feed.rdf’

     0K .......... ..                                         100%  222M=0s

2021-10-08 09:57:36 (222 MB/s) - ‘cloud.watch.impress.co.jp/data/rss/1.0/clw/feed.rdf’ saved [12685/12685]

--2021-10-08 09:57:36--  https://dc.watch.impress.co.jp/cda/rss/digicame.rdf
Resolving dc.watch.impress.co.jp (dc.watch.impress.co.jp)... 202.218.128.205
Connecting to dc.watch.impress.co.jp (dc.watch.impress.co.jp)|202.218.128.205|:443... connected.
HTTP request sent, awaiting response... 301 Moved Permanently
Location: https://dc.watch.impress.co.jp/data/rss/1.0/dcw/feed.rdf [following]
--2021-10-08 09:57:37--  https://dc.watch.impress.co.jp/data/rss/1.0/dcw/feed.rdf
Connecting to dc.watch.impress.co.jp (dc.watch.impress.co.jp)|202.218.128.205|:443... connected.
HTTP request sent, awaiting response... 200 OK
Length: 17457 (17K) [application/xml]
The sizes do not match (local 16992) -- retrieving.

--2021-10-08 09:57:38--  https://dc.watch.impress.co.jp/data/rss/1.0/dcw/feed.rdf
Reusing existing connection to dc.watch.impress.co.jp:443.
HTTP request sent, awaiting response... 200 OK
Length: 17457 (17K) [application/xml]
Saving to: ‘dc.watch.impress.co.jp/cda/rss/digicame.rdf’

     0K .......... .......                                    100%  160M=0s

2021-10-08 09:57:38 (160 MB/s) - ‘dc.watch.impress.co.jp/cda/rss/digicame.rdf’ saved [17457/17457]

--2021-10-08 09:57:38--  https://drone-journal.impress.co.jp/data/rss/1.0/drone/feed.xml
Resolving drone-journal.impress.co.jp (drone-journal.impress.co.jp)... 203.183.234.45
Connecting to drone-journal.impress.co.jp (drone-journal.impress.co.jp)|203.183.234.45|:443... connected.
HTTP request sent, awaiting response... 200 OK
Length: 12650 (12K) [application/rss+xml]
Server file no newer than local file ‘drone-journal.impress.co.jp/data/rss/1.0/drone/feed.xml’ -- not retrieving.

--2021-10-08 09:57:39--  https://forest.watch.impress.co.jp/data/rss/1.0/wf/feed.rdf
Resolving forest.watch.impress.co.jp (forest.watch.impress.co.jp)... 202.218.128.212
Connecting to forest.watch.impress.co.jp (forest.watch.impress.co.jp)|202.218.128.212|:443... connected.
HTTP request sent, awaiting response... 200 OK
Length: 23260 (23K) [application/xml]
The sizes do not match (local 23847) -- retrieving.

--2021-10-08 09:57:40--  https://forest.watch.impress.co.jp/data/rss/1.0/wf/feed.rdf
Reusing existing connection to forest.watch.impress.co.jp:443.
HTTP request sent, awaiting response... 200 OK
Length: 23260 (23K) [application/xml]
Saving to: ‘forest.watch.impress.co.jp/data/rss/1.0/wf/feed.rdf’

     0K .......... .......... ..                              100%  219M=0s

2021-10-08 09:57:40 (219 MB/s) - ‘forest.watch.impress.co.jp/data/rss/1.0/wf/feed.rdf’ saved [23260/23260]

--2021-10-08 09:57:40--  https://game.watch.impress.co.jp/data/rss/1.0/gmw/feed.rdf
Resolving game.watch.impress.co.jp (game.watch.impress.co.jp)... 202.218.128.206
Connecting to game.watch.impress.co.jp (game.watch.impress.co.jp)|202.218.128.206|:443... connected.
HTTP request sent, awaiting response... 200 OK
Length: 16828 (16K) [application/xml]
The sizes do not match (local 16722) -- retrieving.

--2021-10-08 09:57:41--  https://game.watch.impress.co.jp/data/rss/1.0/gmw/feed.rdf
Reusing existing connection to game.watch.impress.co.jp:443.
HTTP request sent, awaiting response... 200 OK
Length: 16828 (16K) [application/xml]
Saving to: ‘game.watch.impress.co.jp/data/rss/1.0/gmw/feed.rdf’

     0K .......... ......                                     100%  108M=0s

2021-10-08 09:57:41 (108 MB/s) - ‘game.watch.impress.co.jp/data/rss/1.0/gmw/feed.rdf’ saved [16828/16828]

--2021-10-08 09:57:41--  https://hobby.watch.impress.co.jp/data/rss/1.0/hbw/feed.rdf
Resolving hobby.watch.impress.co.jp (hobby.watch.impress.co.jp)... 202.218.128.206
Connecting to hobby.watch.impress.co.jp (hobby.watch.impress.co.jp)|202.218.128.206|:443... connected.
HTTP request sent, awaiting response... 200 OK
Length: 17137 (17K) [application/xml]
Server file no newer than local file ‘hobby.watch.impress.co.jp/data/rss/1.0/hbw/feed.rdf’ -- not retrieving.

--2021-10-08 09:57:42--  https://internet.watch.impress.co.jp/data/rss/1.0/iw/feed.rdf
Resolving internet.watch.impress.co.jp (internet.watch.impress.co.jp)... 202.218.128.208
Connecting to internet.watch.impress.co.jp (internet.watch.impress.co.jp)|202.218.128.208|:443... connected.
HTTP request sent, awaiting response... 200 OK
Length: 17253 (17K) [application/xml]
The sizes do not match (local 17178) -- retrieving.

--2021-10-08 09:57:43--  https://internet.watch.impress.co.jp/data/rss/1.0/iw/feed.rdf
Reusing existing connection to internet.watch.impress.co.jp:443.
HTTP request sent, awaiting response... 200 OK
Length: 17253 (17K) [application/xml]
Saving to: ‘internet.watch.impress.co.jp/data/rss/1.0/iw/feed.rdf’

     0K .......... ......                                     100%  150M=0s

2021-10-08 09:57:43 (150 MB/s) - ‘internet.watch.impress.co.jp/data/rss/1.0/iw/feed.rdf’ saved [17253/17253]

--2021-10-08 09:57:43--  https://k-tai.watch.impress.co.jp/data/rss/1.0/ktw/feed.rdf
Resolving k-tai.watch.impress.co.jp (k-tai.watch.impress.co.jp)... 202.218.128.210
Connecting to k-tai.watch.impress.co.jp (k-tai.watch.impress.co.jp)|202.218.128.210|:443... connected.
HTTP request sent, awaiting response... 200 OK
Length: 22389 (22K) [application/xml]
Server file no newer than local file ‘k-tai.watch.impress.co.jp/data/rss/1.0/ktw/feed.rdf’ -- not retrieving.

--2021-10-08 09:57:44--  https://kaden.watch.impress.co.jp/data/rss/1.0/kdw/feed.rdf
Resolving kaden.watch.impress.co.jp (kaden.watch.impress.co.jp)... 202.218.128.209
Connecting to kaden.watch.impress.co.jp (kaden.watch.impress.co.jp)|202.218.128.209|:443... connected.
HTTP request sent, awaiting response... 200 OK
Length: 12482 (12K) [application/xml]
The sizes do not match (local 11933) -- retrieving.

--2021-10-08 09:57:45--  https://kaden.watch.impress.co.jp/data/rss/1.0/kdw/feed.rdf
Reusing existing connection to kaden.watch.impress.co.jp:443.
HTTP request sent, awaiting response... 200 OK
Length: 12482 (12K) [application/xml]
Saving to: ‘kaden.watch.impress.co.jp/data/rss/1.0/kdw/feed.rdf’

     0K .......... ..                                         100%  218M=0s

2021-10-08 09:57:45 (218 MB/s) - ‘kaden.watch.impress.co.jp/data/rss/1.0/kdw/feed.rdf’ saved [12482/12482]

--2021-10-08 09:57:45--  https://pc.watch.impress.co.jp/data/rss/1.0/pcw/feed.rdf
Resolving pc.watch.impress.co.jp (pc.watch.impress.co.jp)... 202.218.128.200
Connecting to pc.watch.impress.co.jp (pc.watch.impress.co.jp)|202.218.128.200|:443... connected.
HTTP request sent, awaiting response... 200 OK
Length: 14034 (14K) [application/xml]
Server file no newer than local file ‘pc.watch.impress.co.jp/data/rss/1.0/pcw/feed.rdf’ -- not retrieving.

--2021-10-08 09:57:46--  https://video.watch.impress.co.jp/data/rss/1.0/video/feed.rdf
Resolving video.watch.impress.co.jp (video.watch.impress.co.jp)... 202.218.128.213
Connecting to video.watch.impress.co.jp (video.watch.impress.co.jp)|202.218.128.213|:443... connected.
HTTP request sent, awaiting response... 200 OK
Length: 5460 (5.3K) [application/xml]
Server file no newer than local file ‘video.watch.impress.co.jp/data/rss/1.0/video/feed.rdf’ -- not retrieving.

--2021-10-08 09:57:46--  https://netatopi.jp/ntp.rdf
Resolving netatopi.jp (netatopi.jp)... 202.218.128.156
Connecting to netatopi.jp (netatopi.jp)|202.218.128.156|:443... connected.
HTTP request sent, awaiting response... 200 OK
Length: 12132 (12K) [application/xml]
The sizes do not match (local 12173) -- retrieving.

--2021-10-08 09:57:47--  https://netatopi.jp/ntp.rdf
Reusing existing connection to netatopi.jp:443.
HTTP request sent, awaiting response... 200 OK
Length: 12132 (12K) [application/xml]
Saving to: ‘netatopi.jp/ntp.rdf’

     0K .......... .                                          100%  214M=0s

2021-10-08 09:57:47 (214 MB/s) - ‘netatopi.jp/ntp.rdf’ saved [12132/12132]

--2021-10-08 09:57:47--  https://medical.nikkeibp.co.jp/all/info/feed/index.rdf
Resolving medical.nikkeibp.co.jp (medical.nikkeibp.co.jp)... 18.176.113.44, 13.115.9.66
Connecting to medical.nikkeibp.co.jp (medical.nikkeibp.co.jp)|18.176.113.44|:443... connected.
HTTP request sent, awaiting response... 200 200
Length: 47508 (46K) [application/rdf+xml]
Last-modified header invalid -- time-stamp ignored.
--2021-10-08 09:57:48--  https://medical.nikkeibp.co.jp/all/info/feed/index.rdf
Reusing existing connection to medical.nikkeibp.co.jp:443.
HTTP request sent, awaiting response... 200 200
Length: 47508 (46K) [application/rdf+xml]
Saving to: ‘medical.nikkeibp.co.jp/all/info/feed/index.rdf’

     0K .......... .......... .......... .......... ......    100%  302K=0.2s

2021-10-08 09:57:49 (302 KB/s) - ‘medical.nikkeibp.co.jp/all/info/feed/index.rdf’ saved [47508/47508]

--2021-10-08 09:57:49--  https://business.nikkei.com/rss/all_nb.rdf
Resolving business.nikkei.com (business.nikkei.com)... 35.74.179.251, 35.75.102.5
Connecting to business.nikkei.com (business.nikkei.com)|35.74.179.251|:443... connected.
HTTP request sent, awaiting response... 200 200
Length: 24486 (24K) [application/rdf+xml]
Last-modified header invalid -- time-stamp ignored.
--2021-10-08 09:57:50--  https://business.nikkei.com/rss/all_nb.rdf
Reusing existing connection to business.nikkei.com:443.
HTTP request sent, awaiting response... 200 200
Length: 24486 (24K) [application/rdf+xml]
Saving to: ‘business.nikkei.com/rss/all_nb.rdf’

     0K .......... .......... ...                             100%  170M=0s

2021-10-08 09:57:50 (170 MB/s) - ‘business.nikkei.com/rss/all_nb.rdf’ saved [24486/24486]

--2021-10-08 09:57:50--  https://xtech.nikkei.com/rss/index.rdf
Resolving xtech.nikkei.com (xtech.nikkei.com)... 13.114.167.209, 13.112.169.129
Connecting to xtech.nikkei.com (xtech.nikkei.com)|13.114.167.209|:443... connected.
HTTP request sent, awaiting response... 200 200
Length: 81395 (79K) [application/rdf+xml]
Last-modified header invalid -- time-stamp ignored.
--2021-10-08 09:57:52--  https://xtech.nikkei.com/rss/index.rdf
Reusing existing connection to xtech.nikkei.com:443.
HTTP request sent, awaiting response... 200 200
Length: 82045 (80K) [application/rdf+xml]
Saving to: ‘xtech.nikkei.com/rss/index.rdf’

     0K .......... .......... .......... .......... .......... 62%  329K 0s
    50K .......... .......... ..........                      100%  144M=0.2s

2021-10-08 09:57:53 (527 KB/s) - ‘xtech.nikkei.com/rss/index.rdf’ saved [82045/82045]

--2021-10-08 09:57:53--  https://bio.nikkeibp.co.jp/rss/bio/index.rdf
Resolving bio.nikkeibp.co.jp (bio.nikkeibp.co.jp)... 52.68.159.237, 54.248.135.88
Connecting to bio.nikkeibp.co.jp (bio.nikkeibp.co.jp)|52.68.159.237|:443... connected.
HTTP request sent, awaiting response... 200 200
Length: 51379 (50K) [application/rdf+xml]
Last-modified header invalid -- time-stamp ignored.
--2021-10-08 09:57:54--  https://bio.nikkeibp.co.jp/rss/bio/index.rdf
Reusing existing connection to bio.nikkeibp.co.jp:443.
HTTP request sent, awaiting response... 200 200
Length: 51379 (50K) [application/rdf+xml]
Saving to: ‘bio.nikkeibp.co.jp/rss/bio/index.rdf’

     0K .......... .......... .......... .......... .......... 99%  320K 0s
    50K                                                       100%  333G=0.2s

2021-10-08 09:57:54 (321 KB/s) - ‘bio.nikkeibp.co.jp/rss/bio/index.rdf’ saved [51379/51379]

--2021-10-08 09:57:54--  http://www.publickey1.jp/atom.xml
Resolving www.publickey1.jp (www.publickey1.jp)... 112.78.125.88
Connecting to www.publickey1.jp (www.publickey1.jp)|112.78.125.88|:80... connected.
HTTP request sent, awaiting response... 301 Moved Permanently
Location: https://www.publickey1.jp/atom.xml [following]
--2021-10-08 09:57:55--  https://www.publickey1.jp/atom.xml
Connecting to www.publickey1.jp (www.publickey1.jp)|112.78.125.88|:443... connected.
HTTP request sent, awaiting response... 200 OK
Length: 26208 (26K) [application/xml]
Server file no newer than local file ‘www.publickey1.jp/atom.xml’ -- not retrieving.

--2021-10-08 09:57:58--  http://www.publickey2.jp/atom.xml
Resolving www.publickey2.jp (www.publickey2.jp)... 112.78.125.88
Connecting to www.publickey2.jp (www.publickey2.jp)|112.78.125.88|:80... connected.
HTTP request sent, awaiting response... 200 OK
Length: 42792 (42K) [application/xml]
Server file no newer than local file ‘www.publickey2.jp/atom.xml’ -- not retrieving.

--2021-10-08 09:57:59--  https://codezine.jp/rss/new/20/index.xml
Resolving codezine.jp (codezine.jp)... 114.31.94.143
Connecting to codezine.jp (codezine.jp)|114.31.94.143|:443... connected.
HTTP request sent, awaiting response... 200 OK
Length: unspecified [text/xml]
Last-modified header missing -- time-stamps turned off.
--2021-10-08 09:58:00--  https://codezine.jp/rss/new/20/index.xml
Connecting to codezine.jp (codezine.jp)|114.31.94.143|:443... connected.
HTTP request sent, awaiting response... 200 OK
Length: unspecified [text/html]
Saving to: ‘codezine.jp/rss/new/20/index.xml’

     0K .......... ..                                          83.7K=0.2s

2021-10-08 09:58:01 (83.7 KB/s) - ‘codezine.jp/rss/new/20/index.xml’ saved [13138]

--2021-10-08 09:58:01--  https://sourceforge.jp/magazine/rss
Resolving sourceforge.jp (sourceforge.jp)... 34.212.235.207, 35.166.82.144
Connecting to sourceforge.jp (sourceforge.jp)|34.212.235.207|:443... connected.
HTTP request sent, awaiting response... 301 Moved Permanently
Location: https://mag.osdn.jp/rss [following]
--2021-10-08 09:58:02--  https://mag.osdn.jp/rss
Resolving mag.osdn.jp (mag.osdn.jp)... 160.16.88.156
Connecting to mag.osdn.jp (mag.osdn.jp)|160.16.88.156|:443... connected.
HTTP request sent, awaiting response... 200 OK
Length: unspecified [text/xml]
Last-modified header missing -- time-stamps turned off.
--2021-10-08 09:58:02--  https://mag.osdn.jp/rss
Reusing existing connection to mag.osdn.jp:443.
HTTP request sent, awaiting response... 200 OK
Length: unspecified [text/xml]
Saving to: ‘sourceforge.jp/magazine/rss’

     0K .......... ....                                         246M=0s

2021-10-08 09:58:03 (246 MB/s) - ‘sourceforge.jp/magazine/rss’ saved [15309]

--2021-10-08 09:58:03--  http://www.osr.com/feed/
Resolving www.osr.com (www.osr.com)... 104.154.247.12
Connecting to www.osr.com (www.osr.com)|104.154.247.12|:80... connected.
HTTP request sent, awaiting response... 200 OK
Length: 5116 (5.0K) [application/rss+xml]
Server file no newer than local file ‘www.osr.com/feed/index.html’ -- not retrieving.

--2021-10-08 09:58:03--  https://srad.jp/sradjp.rss
Resolving srad.jp (srad.jp)... 18.181.29.138, 13.115.147.181
Connecting to srad.jp (srad.jp)|18.181.29.138|:443... connected.
HTTP request sent, awaiting response... 200 OK
Length: 99748 (97K) [text/xml]
The sizes do not match (local 101776) -- retrieving.

--2021-10-08 09:58:04--  https://srad.jp/sradjp.rss
Reusing existing connection to srad.jp:443.
HTTP request sent, awaiting response... 200 OK
Length: 99748 (97K) [text/xml]
Saving to: ‘srad.jp/sradjp.rss’

     0K .......... .......... .......... .......... .......... 51%  324K 0s
    50K .......... .......... .......... .......... .......   100%  305K=0.3s

2021-10-08 09:58:04 (314 KB/s) - ‘srad.jp/sradjp.rss’ saved [99748/99748]

--2021-10-08 09:58:04--  https://news.radiko.jp/static/rss/index.xml
Resolving news.radiko.jp (news.radiko.jp)... 13.226.129.120, 13.226.129.24, 13.226.129.118, ...
Connecting to news.radiko.jp (news.radiko.jp)|13.226.129.120|:443... connected.
HTTP request sent, awaiting response... 200 OK
Length: 85398 (83K) [application/xml]
Server file no newer than local file ‘news.radiko.jp/static/rss/index.xml’ -- not retrieving.

FINISHED --2021-10-08 09:58:05--
Total wall clock time: 1m 15s
Downloaded: 55 files, 1.4M in 3.0s (481 KB/s)
