--2021-01-28 23:28:30--  https://rss.itmedia.co.jp/rss/2.0/itmedia_all.xml
Resolving rss.itmedia.co.jp (rss.itmedia.co.jp)... 54.65.205.18, 52.198.32.165
Connecting to rss.itmedia.co.jp (rss.itmedia.co.jp)|54.65.205.18|:443... connected.
HTTP request sent, awaiting response... 200 OK
Length: 26827 (26K) [application/xml]
The sizes do not match (local 26622) -- retrieving.

--2021-01-28 23:28:31--  https://rss.itmedia.co.jp/rss/2.0/itmedia_all.xml
Reusing existing connection to rss.itmedia.co.jp:443.
HTTP request sent, awaiting response... 200 OK
Length: 26827 (26K) [application/xml]
Saving to: ‘rss.itmedia.co.jp/rss/2.0/itmedia_all.xml’

     0K .......... .......... ......                          100%  167K=0.2s

2021-01-28 23:28:31 (167 KB/s) - ‘rss.itmedia.co.jp/rss/2.0/itmedia_all.xml’ saved [26827/26827]

--2021-01-28 23:28:31--  https://rss.itmedia.co.jp/rss/2.0/topstory.xml
Reusing existing connection to rss.itmedia.co.jp:443.
HTTP request sent, awaiting response... 200 OK
Length: 10974 (11K) [application/xml]
The sizes do not match (local 10664) -- retrieving.

--2021-01-28 23:28:31--  https://rss.itmedia.co.jp/rss/2.0/topstory.xml
Reusing existing connection to rss.itmedia.co.jp:443.
HTTP request sent, awaiting response... 200 OK
Length: 10974 (11K) [application/xml]
Saving to: ‘rss.itmedia.co.jp/rss/2.0/topstory.xml’

     0K ..........                                            100%  109M=0s

2021-01-28 23:28:31 (109 MB/s) - ‘rss.itmedia.co.jp/rss/2.0/topstory.xml’ saved [10974/10974]

--2021-01-28 23:28:31--  https://rss.itmedia.co.jp/rss/2.0/news_bursts.xml
Reusing existing connection to rss.itmedia.co.jp:443.
HTTP request sent, awaiting response... 200 OK
Length: 24710 (24K) [application/xml]
Server file no newer than local file ‘rss.itmedia.co.jp/rss/2.0/news_bursts.xml’ -- not retrieving.

--2021-01-28 23:28:31--  https://rss.itmedia.co.jp/rss/2.0/mobile.xml
Reusing existing connection to rss.itmedia.co.jp:443.
HTTP request sent, awaiting response... 200 OK
Length: 11940 (12K) [application/xml]
The sizes do not match (local 11795) -- retrieving.

--2021-01-28 23:28:32--  https://rss.itmedia.co.jp/rss/2.0/mobile.xml
Reusing existing connection to rss.itmedia.co.jp:443.
HTTP request sent, awaiting response... 200 OK
Length: 11940 (12K) [application/xml]
Saving to: ‘rss.itmedia.co.jp/rss/2.0/mobile.xml’

     0K .......... .                                          100%  236M=0s

2021-01-28 23:28:32 (236 MB/s) - ‘rss.itmedia.co.jp/rss/2.0/mobile.xml’ saved [11940/11940]

--2021-01-28 23:28:32--  https://rss.itmedia.co.jp/rss/2.0/pcuser.xml
Reusing existing connection to rss.itmedia.co.jp:443.
HTTP request sent, awaiting response... 200 OK
Length: 9728 (9.5K) [application/xml]
Server file no newer than local file ‘rss.itmedia.co.jp/rss/2.0/pcuser.xml’ -- not retrieving.

--2021-01-28 23:28:32--  https://rss.itmedia.co.jp/rss/2.0/business.xml
Reusing existing connection to rss.itmedia.co.jp:443.
HTTP request sent, awaiting response... 200 OK
Length: 10818 (11K) [application/xml]
Server file no newer than local file ‘rss.itmedia.co.jp/rss/2.0/business.xml’ -- not retrieving.

--2021-01-28 23:28:32--  https://rss.itmedia.co.jp/rss/2.0/enterprise.xml
Reusing existing connection to rss.itmedia.co.jp:443.
HTTP request sent, awaiting response... 200 OK
Length: 30219 (30K) [application/xml]
Server file no newer than local file ‘rss.itmedia.co.jp/rss/2.0/enterprise.xml’ -- not retrieving.

--2021-01-28 23:28:32--  https://rss.itmedia.co.jp/rss/2.0/executive.xml
Reusing existing connection to rss.itmedia.co.jp:443.
HTTP request sent, awaiting response... 200 OK
Length: 9834 (9.6K) [application/xml]
Server file no newer than local file ‘rss.itmedia.co.jp/rss/2.0/executive.xml’ -- not retrieving.

--2021-01-28 23:28:32--  https://rss.itmedia.co.jp/rss/2.0/marketing.xml
Reusing existing connection to rss.itmedia.co.jp:443.
HTTP request sent, awaiting response... 200 OK
Length: 10248 (10K) [application/xml]
Server file no newer than local file ‘rss.itmedia.co.jp/rss/2.0/marketing.xml’ -- not retrieving.

--2021-01-28 23:28:33--  https://rss.itmedia.co.jp/rss/2.0/ait.xml
Reusing existing connection to rss.itmedia.co.jp:443.
HTTP request sent, awaiting response... 200 OK
Length: 18885 (18K) [application/xml]
The sizes do not match (local 18921) -- retrieving.

--2021-01-28 23:28:33--  https://rss.itmedia.co.jp/rss/2.0/ait.xml
Reusing existing connection to rss.itmedia.co.jp:443.
HTTP request sent, awaiting response... 200 OK
Length: 18885 (18K) [application/xml]
Saving to: ‘rss.itmedia.co.jp/rss/2.0/ait.xml’

     0K .......... ........                                   100%  179M=0s

2021-01-28 23:28:33 (179 MB/s) - ‘rss.itmedia.co.jp/rss/2.0/ait.xml’ saved [18885/18885]

--2021-01-28 23:28:33--  https://rss.itmedia.co.jp/rss/2.0/keymans.xml
Reusing existing connection to rss.itmedia.co.jp:443.
HTTP request sent, awaiting response... 200 OK
Length: 28010 (27K) [application/xml]
Server file no newer than local file ‘rss.itmedia.co.jp/rss/2.0/keymans.xml’ -- not retrieving.

--2021-01-28 23:28:33--  https://rss.itmedia.co.jp/rss/2.0/techtarget.xml
Reusing existing connection to rss.itmedia.co.jp:443.
HTTP request sent, awaiting response... 200 OK
Length: 16190 (16K) [application/xml]
Server file no newer than local file ‘rss.itmedia.co.jp/rss/2.0/techtarget.xml’ -- not retrieving.

--2021-01-28 23:28:33--  https://rss.itmedia.co.jp/rss/2.0/monoist.xml
Reusing existing connection to rss.itmedia.co.jp:443.
HTTP request sent, awaiting response... 200 OK
Length: 19043 (19K) [application/xml]
Server file no newer than local file ‘rss.itmedia.co.jp/rss/2.0/monoist.xml’ -- not retrieving.

--2021-01-28 23:28:33--  https://rss.itmedia.co.jp/rss/2.0/eetimes.xml
Reusing existing connection to rss.itmedia.co.jp:443.
HTTP request sent, awaiting response... 200 OK
Length: 11805 (12K) [application/xml]
Server file no newer than local file ‘rss.itmedia.co.jp/rss/2.0/eetimes.xml’ -- not retrieving.

--2021-01-28 23:28:34--  https://rss.itmedia.co.jp/rss/2.0/edn.xml
Reusing existing connection to rss.itmedia.co.jp:443.
HTTP request sent, awaiting response... 200 OK
Length: 11655 (11K) [application/xml]
Server file no newer than local file ‘rss.itmedia.co.jp/rss/2.0/edn.xml’ -- not retrieving.

--2021-01-28 23:28:34--  https://rss.itmedia.co.jp/rss/2.0/smartjapan.xml
Reusing existing connection to rss.itmedia.co.jp:443.
HTTP request sent, awaiting response... 200 OK
Length: 11986 (12K) [application/xml]
Server file no newer than local file ‘rss.itmedia.co.jp/rss/2.0/smartjapan.xml’ -- not retrieving.

--2021-01-28 23:28:34--  https://rss.itmedia.co.jp/rss/2.0/sj_built.xml
Reusing existing connection to rss.itmedia.co.jp:443.
HTTP request sent, awaiting response... 200 OK
Length: 18973 (19K) [application/xml]
Server file no newer than local file ‘rss.itmedia.co.jp/rss/2.0/sj_built.xml’ -- not retrieving.

--2021-01-28 23:28:34--  https://rss.itmedia.co.jp/rss/2.0/techfactory.xml
Reusing existing connection to rss.itmedia.co.jp:443.
HTTP request sent, awaiting response... 200 OK
Length: 18799 (18K) [application/xml]
Server file no newer than local file ‘rss.itmedia.co.jp/rss/2.0/techfactory.xml’ -- not retrieving.

--2021-01-28 23:28:34--  https://rss.itmedia.co.jp/rss/2.0/netlab.xml
Reusing existing connection to rss.itmedia.co.jp:443.
HTTP request sent, awaiting response... 200 OK
Length: 8040 (7.9K) [application/xml]
The sizes do not match (local 8070) -- retrieving.

--2021-01-28 23:28:34--  https://rss.itmedia.co.jp/rss/2.0/netlab.xml
Reusing existing connection to rss.itmedia.co.jp:443.
HTTP request sent, awaiting response... 200 OK
Length: 8040 (7.9K) [application/xml]
Saving to: ‘rss.itmedia.co.jp/rss/2.0/netlab.xml’

     0K .......                                               100%  799M=0s

2021-01-28 23:28:35 (799 MB/s) - ‘rss.itmedia.co.jp/rss/2.0/netlab.xml’ saved [8040/8040]

--2021-01-28 23:28:35--  https://chosa.itmedia.co.jp/rss
Resolving chosa.itmedia.co.jp (chosa.itmedia.co.jp)... 54.65.99.185, 54.95.56.82
Connecting to chosa.itmedia.co.jp (chosa.itmedia.co.jp)|54.65.99.185|:443... connected.
HTTP request sent, awaiting response... 301 Moved Permanently
Location: https://chosa.itmedia.co.jp/recent.xml [following]
--2021-01-28 23:28:35--  https://chosa.itmedia.co.jp/recent.xml
Connecting to chosa.itmedia.co.jp (chosa.itmedia.co.jp)|54.65.99.185|:443... connected.
HTTP request sent, awaiting response... 200 OK
Length: 59881 (58K) [application/xml]
Last-modified header missing -- time-stamps turned off.
--2021-01-28 23:28:36--  https://chosa.itmedia.co.jp/recent.xml
Reusing existing connection to chosa.itmedia.co.jp:443.
HTTP request sent, awaiting response... 200 OK
Length: 59881 (58K) [application/xml]
Saving to: ‘chosa.itmedia.co.jp/rss’

     0K .......... .......... .......... .......... .......... 85%  161K 0s
    50K ........                                              100% 48.2M=0.3s

2021-01-28 23:28:36 (188 KB/s) - ‘chosa.itmedia.co.jp/rss’ saved [59881/59881]

--2021-01-28 23:28:36--  https://www.watch.impress.co.jp/data/rss/1.0/ipw/feed.rdf
Resolving www.watch.impress.co.jp (www.watch.impress.co.jp)... 202.218.128.207
Connecting to www.watch.impress.co.jp (www.watch.impress.co.jp)|202.218.128.207|:443... connected.
HTTP request sent, awaiting response... 200 OK
Length: 14554 (14K) [application/xml]
Server file no newer than local file ‘www.watch.impress.co.jp/data/rss/1.0/ipw/feed.rdf’ -- not retrieving.

--2021-01-28 23:28:37--  https://www.watch.impress.co.jp/kodomo_it/rss.xml
Reusing existing connection to www.watch.impress.co.jp:443.
HTTP request sent, awaiting response... 200 OK
Length: 9878 (9.6K) [text/xml]
Server file no newer than local file ‘www.watch.impress.co.jp/kodomo_it/rss.xml’ -- not retrieving.

--2021-01-28 23:28:37--  https://travel.watch.impress.co.jp/docs/travel.rdf
Resolving travel.watch.impress.co.jp (travel.watch.impress.co.jp)... 202.218.128.211
Connecting to travel.watch.impress.co.jp (travel.watch.impress.co.jp)|202.218.128.211|:443... connected.
HTTP request sent, awaiting response... 301 Moved Permanently
Location: https://travel.watch.impress.co.jp/data/rss/1.0/trw/feed.rdf [following]
--2021-01-28 23:28:38--  https://travel.watch.impress.co.jp/data/rss/1.0/trw/feed.rdf
Connecting to travel.watch.impress.co.jp (travel.watch.impress.co.jp)|202.218.128.211|:443... connected.
HTTP request sent, awaiting response... 200 OK
Length: 11316 (11K) [application/xml]
The sizes do not match (local 11315) -- retrieving.

--2021-01-28 23:28:39--  https://travel.watch.impress.co.jp/data/rss/1.0/trw/feed.rdf
Reusing existing connection to travel.watch.impress.co.jp:443.
HTTP request sent, awaiting response... 200 OK
Length: 11316 (11K) [application/xml]
Saving to: ‘travel.watch.impress.co.jp/docs/travel.rdf’

     0K .......... .                                          100%  134M=0s

2021-01-28 23:28:39 (134 MB/s) - ‘travel.watch.impress.co.jp/docs/travel.rdf’ saved [11316/11316]

--2021-01-28 23:28:39--  https://akiba-pc.watch.impress.co.jp/data/rss/1.0/ah/feed.rdf
Resolving akiba-pc.watch.impress.co.jp (akiba-pc.watch.impress.co.jp)... 202.218.128.201
Connecting to akiba-pc.watch.impress.co.jp (akiba-pc.watch.impress.co.jp)|202.218.128.201|:443... connected.
HTTP request sent, awaiting response... 200 OK
Length: 11387 (11K) [application/xml]
Server file no newer than local file ‘akiba-pc.watch.impress.co.jp/data/rss/1.0/ah/feed.rdf’ -- not retrieving.

--2021-01-28 23:28:40--  https://av.watch.impress.co.jp/data/rss/1.0/avw/feed.rdf
Resolving av.watch.impress.co.jp (av.watch.impress.co.jp)... 202.218.128.202
Connecting to av.watch.impress.co.jp (av.watch.impress.co.jp)|202.218.128.202|:443... connected.
HTTP request sent, awaiting response... 200 OK
Length: 16967 (17K) [application/xml]
Server file no newer than local file ‘av.watch.impress.co.jp/data/rss/1.0/avw/feed.rdf’ -- not retrieving.

--2021-01-28 23:28:41--  https://car.watch.impress.co.jp/data/rss/1.0/car/feed.rdf
Resolving car.watch.impress.co.jp (car.watch.impress.co.jp)... 202.218.128.203
Connecting to car.watch.impress.co.jp (car.watch.impress.co.jp)|202.218.128.203|:443... connected.
HTTP request sent, awaiting response... 200 OK
Length: 16985 (17K) [application/xml]
Server file no newer than local file ‘car.watch.impress.co.jp/data/rss/1.0/car/feed.rdf’ -- not retrieving.

--2021-01-28 23:28:42--  https://cloud.watch.impress.co.jp/data/rss/1.0/clw/feed.rdf
Resolving cloud.watch.impress.co.jp (cloud.watch.impress.co.jp)... 202.218.128.204
Connecting to cloud.watch.impress.co.jp (cloud.watch.impress.co.jp)|202.218.128.204|:443... connected.
HTTP request sent, awaiting response... 200 OK
Length: 12660 (12K) [application/xml]
Server file no newer than local file ‘cloud.watch.impress.co.jp/data/rss/1.0/clw/feed.rdf’ -- not retrieving.

--2021-01-28 23:28:43--  https://dc.watch.impress.co.jp/cda/rss/digicame.rdf
Resolving dc.watch.impress.co.jp (dc.watch.impress.co.jp)... 202.218.128.205
Connecting to dc.watch.impress.co.jp (dc.watch.impress.co.jp)|202.218.128.205|:443... connected.
HTTP request sent, awaiting response... 301 Moved Permanently
Location: https://dc.watch.impress.co.jp/data/rss/1.0/dcw/feed.rdf [following]
--2021-01-28 23:28:43--  https://dc.watch.impress.co.jp/data/rss/1.0/dcw/feed.rdf
Connecting to dc.watch.impress.co.jp (dc.watch.impress.co.jp)|202.218.128.205|:443... connected.
HTTP request sent, awaiting response... 200 OK
Length: 15437 (15K) [application/xml]
Server file no newer than local file ‘dc.watch.impress.co.jp/cda/rss/digicame.rdf’ -- not retrieving.

--2021-01-28 23:28:44--  https://drone-journal.impress.co.jp/data/rss/1.0/drone/feed.xml
Resolving drone-journal.impress.co.jp (drone-journal.impress.co.jp)... 203.183.234.45
Connecting to drone-journal.impress.co.jp (drone-journal.impress.co.jp)|203.183.234.45|:443... connected.
HTTP request sent, awaiting response... 200 OK
Length: 13846 (14K) [application/rss+xml]
Server file no newer than local file ‘drone-journal.impress.co.jp/data/rss/1.0/drone/feed.xml’ -- not retrieving.

--2021-01-28 23:28:45--  https://forest.watch.impress.co.jp/data/rss/1.0/wf/feed.rdf
Resolving forest.watch.impress.co.jp (forest.watch.impress.co.jp)... 202.218.128.212
Connecting to forest.watch.impress.co.jp (forest.watch.impress.co.jp)|202.218.128.212|:443... connected.
HTTP request sent, awaiting response... 200 OK
Length: 23274 (23K) [application/xml]
Server file no newer than local file ‘forest.watch.impress.co.jp/data/rss/1.0/wf/feed.rdf’ -- not retrieving.

--2021-01-28 23:28:46--  https://game.watch.impress.co.jp/data/rss/1.0/gmw/feed.rdf
Resolving game.watch.impress.co.jp (game.watch.impress.co.jp)... 202.218.128.206
Connecting to game.watch.impress.co.jp (game.watch.impress.co.jp)|202.218.128.206|:443... connected.
HTTP request sent, awaiting response... 200 OK
Length: 15947 (16K) [application/xml]
Server file no newer than local file ‘game.watch.impress.co.jp/data/rss/1.0/gmw/feed.rdf’ -- not retrieving.

--2021-01-28 23:28:46--  https://hobby.watch.impress.co.jp/data/rss/1.0/hbw/feed.rdf
Resolving hobby.watch.impress.co.jp (hobby.watch.impress.co.jp)... 202.218.128.206
Connecting to hobby.watch.impress.co.jp (hobby.watch.impress.co.jp)|202.218.128.206|:443... connected.
HTTP request sent, awaiting response... 200 OK
Length: 16074 (16K) [application/xml]
Server file no newer than local file ‘hobby.watch.impress.co.jp/data/rss/1.0/hbw/feed.rdf’ -- not retrieving.

--2021-01-28 23:28:47--  https://internet.watch.impress.co.jp/data/rss/1.0/iw/feed.rdf
Resolving internet.watch.impress.co.jp (internet.watch.impress.co.jp)... 202.218.128.208
Connecting to internet.watch.impress.co.jp (internet.watch.impress.co.jp)|202.218.128.208|:443... connected.
HTTP request sent, awaiting response... 200 OK
Length: 17754 (17K) [application/xml]
Server file no newer than local file ‘internet.watch.impress.co.jp/data/rss/1.0/iw/feed.rdf’ -- not retrieving.

--2021-01-28 23:28:48--  https://k-tai.watch.impress.co.jp/data/rss/1.0/ktw/feed.rdf
Resolving k-tai.watch.impress.co.jp (k-tai.watch.impress.co.jp)... 202.218.128.210
Connecting to k-tai.watch.impress.co.jp (k-tai.watch.impress.co.jp)|202.218.128.210|:443... connected.
HTTP request sent, awaiting response... 200 OK
Length: 21365 (21K) [application/xml]
Server file no newer than local file ‘k-tai.watch.impress.co.jp/data/rss/1.0/ktw/feed.rdf’ -- not retrieving.

--2021-01-28 23:28:49--  https://kaden.watch.impress.co.jp/data/rss/1.0/kdw/feed.rdf
Resolving kaden.watch.impress.co.jp (kaden.watch.impress.co.jp)... 202.218.128.209
Connecting to kaden.watch.impress.co.jp (kaden.watch.impress.co.jp)|202.218.128.209|:443... connected.
HTTP request sent, awaiting response... 200 OK
Length: 11771 (11K) [application/xml]
Server file no newer than local file ‘kaden.watch.impress.co.jp/data/rss/1.0/kdw/feed.rdf’ -- not retrieving.

--2021-01-28 23:28:50--  https://pc.watch.impress.co.jp/data/rss/1.0/pcw/feed.rdf
Resolving pc.watch.impress.co.jp (pc.watch.impress.co.jp)... 202.218.128.200
Connecting to pc.watch.impress.co.jp (pc.watch.impress.co.jp)|202.218.128.200|:443... connected.
HTTP request sent, awaiting response... 200 OK
Length: 14088 (14K) [application/xml]
Server file no newer than local file ‘pc.watch.impress.co.jp/data/rss/1.0/pcw/feed.rdf’ -- not retrieving.

--2021-01-28 23:28:50--  https://video.watch.impress.co.jp/data/rss/1.0/video/feed.rdf
Resolving video.watch.impress.co.jp (video.watch.impress.co.jp)... 202.218.128.213
Connecting to video.watch.impress.co.jp (video.watch.impress.co.jp)|202.218.128.213|:443... connected.
HTTP request sent, awaiting response... 200 OK
Length: 5513 (5.4K) [application/xml]
Server file no newer than local file ‘video.watch.impress.co.jp/data/rss/1.0/video/feed.rdf’ -- not retrieving.

--2021-01-28 23:28:51--  https://netatopi.jp/ntp.rdf
Resolving netatopi.jp (netatopi.jp)... 202.218.128.156
Connecting to netatopi.jp (netatopi.jp)|202.218.128.156|:443... connected.
HTTP request sent, awaiting response... 200 OK
Length: 11602 (11K) [application/xml]
The sizes do not match (local 11572) -- retrieving.

--2021-01-28 23:28:52--  https://netatopi.jp/ntp.rdf
Reusing existing connection to netatopi.jp:443.
HTTP request sent, awaiting response... 200 OK
Length: 11602 (11K) [application/xml]
Saving to: ‘netatopi.jp/ntp.rdf’

     0K .......... .                                          100%  137M=0s

2021-01-28 23:28:52 (137 MB/s) - ‘netatopi.jp/ntp.rdf’ saved [11602/11602]

--2021-01-28 23:28:52--  https://medical.nikkeibp.co.jp/all/info/feed/index.rdf
Resolving medical.nikkeibp.co.jp (medical.nikkeibp.co.jp)... 52.198.240.65, 13.115.241.28
Connecting to medical.nikkeibp.co.jp (medical.nikkeibp.co.jp)|52.198.240.65|:443... connected.
HTTP request sent, awaiting response... 200 200
Length: 48072 (47K) [application/rdf+xml]
Last-modified header invalid -- time-stamp ignored.
--2021-01-28 23:28:53--  https://medical.nikkeibp.co.jp/all/info/feed/index.rdf
Reusing existing connection to medical.nikkeibp.co.jp:443.
HTTP request sent, awaiting response... 200 200
Length: 48072 (47K) [application/rdf+xml]
Saving to: ‘medical.nikkeibp.co.jp/all/info/feed/index.rdf’

     0K .......... .......... .......... .......... ......    100%  303K=0.2s

2021-01-28 23:28:53 (303 KB/s) - ‘medical.nikkeibp.co.jp/all/info/feed/index.rdf’ saved [48072/48072]

--2021-01-28 23:28:53--  https://business.nikkei.com/rss/all_nb.rdf
Resolving business.nikkei.com (business.nikkei.com)... 3.114.162.238, 54.64.12.163
Connecting to business.nikkei.com (business.nikkei.com)|3.114.162.238|:443... connected.
HTTP request sent, awaiting response... 200 200
Length: 24249 (24K) [application/rdf+xml]
Last-modified header invalid -- time-stamp ignored.
--2021-01-28 23:28:54--  https://business.nikkei.com/rss/all_nb.rdf
Reusing existing connection to business.nikkei.com:443.
HTTP request sent, awaiting response... 200 200
Length: 24249 (24K) [application/rdf+xml]
Saving to: ‘business.nikkei.com/rss/all_nb.rdf’

     0K .......... .......... ...                             100%  245M=0s

2021-01-28 23:28:55 (245 MB/s) - ‘business.nikkei.com/rss/all_nb.rdf’ saved [24249/24249]

--2021-01-28 23:28:55--  https://xtech.nikkei.com/rss/index.rdf
Resolving xtech.nikkei.com (xtech.nikkei.com)... 54.238.188.94, 54.178.108.166
Connecting to xtech.nikkei.com (xtech.nikkei.com)|54.238.188.94|:443... connected.
HTTP request sent, awaiting response... 200 200
Length: 77035 (75K) [application/rdf+xml]
Last-modified header invalid -- time-stamp ignored.
--2021-01-28 23:28:56--  https://xtech.nikkei.com/rss/index.rdf
Reusing existing connection to xtech.nikkei.com:443.
HTTP request sent, awaiting response... 200 200
Length: 76719 (75K) [application/rdf+xml]
Saving to: ‘xtech.nikkei.com/rss/index.rdf’

     0K .......... .......... .......... .......... .......... 66%  320K 0s
    50K .......... .......... ....                            100%  187M=0.2s

2021-01-28 23:28:57 (478 KB/s) - ‘xtech.nikkei.com/rss/index.rdf’ saved [76719/76719]

--2021-01-28 23:28:57--  https://bio.nikkeibp.co.jp/rss/bio/index.rdf
Resolving bio.nikkeibp.co.jp (bio.nikkeibp.co.jp)... 54.249.215.10, 54.92.64.89
Connecting to bio.nikkeibp.co.jp (bio.nikkeibp.co.jp)|54.249.215.10|:443... connected.
HTTP request sent, awaiting response... 200 200
Length: 46176 (45K) [application/rdf+xml]
Last-modified header invalid -- time-stamp ignored.
--2021-01-28 23:28:58--  https://bio.nikkeibp.co.jp/rss/bio/index.rdf
Reusing existing connection to bio.nikkeibp.co.jp:443.
HTTP request sent, awaiting response... 200 200
Length: 46176 (45K) [application/rdf+xml]
Saving to: ‘bio.nikkeibp.co.jp/rss/bio/index.rdf’

     0K .......... .......... .......... .......... .....     100%  291K=0.2s

2021-01-28 23:28:58 (291 KB/s) - ‘bio.nikkeibp.co.jp/rss/bio/index.rdf’ saved [46176/46176]

--2021-01-28 23:28:58--  http://www.publickey1.jp/atom.xml
Resolving www.publickey1.jp (www.publickey1.jp)... 112.78.125.88
Connecting to www.publickey1.jp (www.publickey1.jp)|112.78.125.88|:80... connected.
HTTP request sent, awaiting response... 301 Moved Permanently
Location: https://www.publickey1.jp/atom.xml [following]
--2021-01-28 23:28:59--  https://www.publickey1.jp/atom.xml
Connecting to www.publickey1.jp (www.publickey1.jp)|112.78.125.88|:443... connected.
HTTP request sent, awaiting response... 200 OK
Length: 26920 (26K) [application/xml]
Server file no newer than local file ‘www.publickey1.jp/atom.xml’ -- not retrieving.

--2021-01-28 23:29:00--  http://www.publickey2.jp/atom.xml
Resolving www.publickey2.jp (www.publickey2.jp)... 112.78.125.88
Connecting to www.publickey2.jp (www.publickey2.jp)|112.78.125.88|:80... connected.
HTTP request sent, awaiting response... 200 OK
Length: 42792 (42K) [application/xml]
Server file no newer than local file ‘www.publickey2.jp/atom.xml’ -- not retrieving.

--2021-01-28 23:29:01--  http://codezine.jp/rss/new/20/index.xml
Resolving codezine.jp (codezine.jp)... 114.31.94.143
Connecting to codezine.jp (codezine.jp)|114.31.94.143|:80... connected.
HTTP request sent, awaiting response... 301 Moved Permanently
Location: https://codezine.jp/rss/new/20/index.xml [following]
--2021-01-28 23:29:01--  https://codezine.jp/rss/new/20/index.xml
Connecting to codezine.jp (codezine.jp)|114.31.94.143|:443... connected.
HTTP request sent, awaiting response... 200 OK
Length: unspecified [text/xml]
Last-modified header missing -- time-stamps turned off.
--2021-01-28 23:29:02--  https://codezine.jp/rss/new/20/index.xml
Connecting to codezine.jp (codezine.jp)|114.31.94.143|:443... connected.
HTTP request sent, awaiting response... 200 OK
Length: unspecified [text/html]
Saving to: ‘codezine.jp/rss/new/20/index.xml’

     0K .......... ....                                        93.4K=0.2s

2021-01-28 23:29:03 (93.4 KB/s) - ‘codezine.jp/rss/new/20/index.xml’ saved [14702]

Loading robots.txt; please ignore errors.
--2021-01-28 23:29:03--  https://codezine.jp/robots.txt
Connecting to codezine.jp (codezine.jp)|114.31.94.143|:443... connected.
HTTP request sent, awaiting response... 200 OK
Length: 25 [text/plain]
Saving to: ‘codezine.jp/robots.txt’

     0K                                                       100% 5.42M=0s

2021-01-28 23:29:04 (5.42 MB/s) - ‘codezine.jp/robots.txt’ saved [25/25]

--2021-01-28 23:29:04--  http://sourceforge.jp/magazine/rss
Resolving sourceforge.jp (sourceforge.jp)... 54.148.205.3, 52.27.127.70
Connecting to sourceforge.jp (sourceforge.jp)|54.148.205.3|:80... connected.
HTTP request sent, awaiting response... 301 Moved Permanently
Location: https://mag.osdn.jp/rss [following]
--2021-01-28 23:29:04--  https://mag.osdn.jp/rss
Resolving mag.osdn.jp (mag.osdn.jp)... 160.16.88.156
Connecting to mag.osdn.jp (mag.osdn.jp)|160.16.88.156|:443... connected.
HTTP request sent, awaiting response... 200 OK
Length: unspecified [text/xml]
Last-modified header missing -- time-stamps turned off.
--2021-01-28 23:29:05--  https://mag.osdn.jp/rss
Reusing existing connection to mag.osdn.jp:443.
HTTP request sent, awaiting response... 200 OK
Length: unspecified [text/xml]
Saving to: ‘sourceforge.jp/magazine/rss’

     0K .......... .....                                       98.1M=0s

2021-01-28 23:29:05 (98.1 MB/s) - ‘sourceforge.jp/magazine/rss’ saved [16227]

--2021-01-28 23:29:05--  https://devblogs.microsoft.com/cppblog/feed/
Resolving devblogs.microsoft.com (devblogs.microsoft.com)... 96.6.30.220, 2600:1408:8400:197::2f1e, 2600:1408:8400:1af::2f1e
Connecting to devblogs.microsoft.com (devblogs.microsoft.com)|96.6.30.220|:443... connected.
HTTP request sent, awaiting response... 200 OK
Length: unspecified [application/rss+xml]
Server file no newer than local file ‘devblogs.microsoft.com/cppblog/feed/index.html’ -- not retrieving.

--2021-01-28 23:29:05--  http://www.osr.com/feed/
Resolving www.osr.com (www.osr.com)... 104.154.247.12
Connecting to www.osr.com (www.osr.com)|104.154.247.12|:80... connected.
HTTP request sent, awaiting response... 200 OK
Length: 5887 (5.7K) [application/rss+xml]
Server file no newer than local file ‘www.osr.com/feed/index.html’ -- not retrieving.

--2021-01-28 23:29:05--  https://srad.jp/sradjp.rss
Resolving srad.jp (srad.jp)... 52.199.24.32, 13.231.9.116
Connecting to srad.jp (srad.jp)|52.199.24.32|:443... connected.
HTTP request sent, awaiting response... 200 OK
Length: 106379 (104K) [text/xml]
The sizes do not match (local 106374) -- retrieving.

--2021-01-28 23:29:06--  https://srad.jp/sradjp.rss
Reusing existing connection to srad.jp:443.
HTTP request sent, awaiting response... 200 OK
Length: 106379 (104K) [text/xml]
Saving to: ‘srad.jp/sradjp.rss’

     0K .......... .......... .......... .......... .......... 48%  160K 0s
    50K .......... .......... .......... .......... .......... 96%  320K 0s
   100K ...                                                   100% 30.6M=0.5s

2021-01-28 23:29:07 (222 KB/s) - ‘srad.jp/sradjp.rss’ saved [106379/106379]

--2021-01-28 23:29:07--  https://www.fnn.jp/list/feed/rss
Resolving www.fnn.jp (www.fnn.jp)... 163.49.35.64
Connecting to www.fnn.jp (www.fnn.jp)|163.49.35.64|:443... connected.
HTTP request sent, awaiting response... 200 OK
Length: unspecified [text/xml]
Last-modified header missing -- time-stamps turned off.
--2021-01-28 23:29:08--  https://www.fnn.jp/list/feed/rss
Reusing existing connection to www.fnn.jp:443.
HTTP request sent, awaiting response... 200 OK
Length: 35992 (35K) [text/xml]
Saving to: ‘www.fnn.jp/list/feed/rss’

     0K .......... .......... .......... .....                100% 69.9K=0.5s

2021-01-28 23:29:08 (69.9 KB/s) - ‘www.fnn.jp/list/feed/rss’ saved [35992/35992]

--2021-01-28 23:29:08--  http://dangerousprototypes.com/blog/feed/
Resolving dangerousprototypes.com (dangerousprototypes.com)... 144.76.199.201
Connecting to dangerousprototypes.com (dangerousprototypes.com)|144.76.199.201|:80... connected.
HTTP request sent, awaiting response... 200 OK
Length: unspecified [application/rss+xml]
Server file no newer than local file ‘dangerousprototypes.com/blog/feed/index.html’ -- not retrieving.

--2021-01-28 23:29:09--  https://jp.vivaldi.net/feed/
Resolving jp.vivaldi.net (jp.vivaldi.net)... 31.209.137.11
Connecting to jp.vivaldi.net (jp.vivaldi.net)|31.209.137.11|:443... connected.
HTTP request sent, awaiting response... 200 OK
Length: unspecified [application/rss+xml]
Server file no newer than local file ‘jp.vivaldi.net/feed/index.html’ -- not retrieving.

--2021-01-28 23:29:09--  https://gigazine.net/news/rss_2.0/
Resolving gigazine.net (gigazine.net)... 104.20.27.5, 172.67.34.58, 104.20.26.5, ...
Connecting to gigazine.net (gigazine.net)|104.20.27.5|:443... connected.
HTTP request sent, awaiting response... 200 OK
Length: unspecified [text/xml]
Server file no newer than local file ‘gigazine.net/news/rss_2.0/index.html’ -- not retrieving.

--2021-01-28 23:29:09--  https://rss.asahi.com/rss/asahi/newsheadlines.rdf
Resolving rss.asahi.com (rss.asahi.com)... 104.82.25.131
Connecting to rss.asahi.com (rss.asahi.com)|104.82.25.131|:443... connected.
HTTP request sent, awaiting response... 200 OK
Length: unspecified [text/xml]
Server file no newer than local file ‘rss.asahi.com/rss/asahi/newsheadlines.rdf’ -- not retrieving.

--2021-01-28 23:29:10--  https://news.radiko.jp/static/rss/index.xml
Resolving news.radiko.jp (news.radiko.jp)... 99.84.110.55, 99.84.110.23, 99.84.110.24, ...
Connecting to news.radiko.jp (news.radiko.jp)|99.84.110.55|:443... connected.
HTTP request sent, awaiting response... 200 OK
Length: 99727 (97K) [application/xml]
The sizes do not match (local 99736) -- retrieving.

--2021-01-28 23:29:11--  https://news.radiko.jp/static/rss/index.xml
Reusing existing connection to news.radiko.jp:443.
HTTP request sent, awaiting response... 200 OK
Length: 99727 (97K) [application/xml]
Saving to: ‘news.radiko.jp/static/rss/index.xml’

     0K .......... .......... .......... .......... .......... 51%  150K 0s
    50K .......... .......... .......... .......... .......   100% 33.8M=0.3s

2021-01-28 23:29:11 (290 KB/s) - ‘news.radiko.jp/static/rss/index.xml’ saved [99727/99727]

FINISHED --2021-01-28 23:29:11--
Total wall clock time: 42s
Downloaded: 18 files, 613K in 2.4s (256 KB/s)
